<?xml version="1.0" encoding="UTF-8"?>
<!-- Generated by org.testng.reporters.JUnitReportReporter -->
<testsuite hostname="Shankeys-MacBook-Air.local" name="login.CheckLoginSuccess" tests="1" failures="0" timestamp="7 May 2016 10:06:52 GMT" time="67.924" errors="0">
  <testcase name="test" time="67.924" classname="login.CheckLoginSuccess"/>
</testsuite> <!-- login.CheckLoginSuccess -->
