<?xml version="1.0" encoding="UTF-8"?>
<!-- Generated by org.testng.reporters.JUnitReportReporter -->
<testsuite hostname="Shankeys-MacBook-Air.local" name="login.LoginFromExcel" tests="4" failures="0" timestamp="7 May 2016 10:06:52 GMT" time="200.600" errors="0">
  <testcase name="test_dashboard_VerifyLogin" time="46.088" classname="login.LoginFromExcel"/>
  <testcase name="test_dashboard_VerifyLogin" time="44.763" classname="login.LoginFromExcel"/>
  <testcase name="test_dashboard_VerifyLogin" time="48.466" classname="login.LoginFromExcel"/>
  <testcase name="test_dashboard_VerifyLogin" time="61.283" classname="login.LoginFromExcel"/>
</testsuite> <!-- login.LoginFromExcel -->
